<?xml version="1.0" encoding="UTF-8"?>
<!-- Generated by org.testng.reporters.JUnitReportReporter -->
<testsuite hostname="DESKTOP-L4BVCTO" failures="0" tests="1" name="collinsacademy.SeleniumFrameworkDesign.StandAloneTest" time="25.721" errors="0" timestamp="2023-02-01T13:26:30 WAT" skipped="0">
  <testcase classname="collinsacademy.SeleniumFrameworkDesign.StandAloneTest" name="signUpContractor" time="25.721"/>
  <system-out/>
</testsuite> <!-- collinsacademy.SeleniumFrameworkDesign.StandAloneTest -->
