<?xml version="1.0" encoding="UTF-8"?>
<!-- Generated by org.testng.reporters.JUnitReportReporter -->
<testsuite hostname="DESKTOP-L4BVCTO" failures="0" tests="1" name="collinsacademy.SeleniumFrameworkDesign.SignUp" time="34.109" errors="0" timestamp="2023-02-02T01:51:44 WAT" skipped="0">
  <testcase classname="collinsacademy.SeleniumFrameworkDesign.SignUp" name="contractRegistration" time="34.109"/>
  <system-out/>
</testsuite> <!-- collinsacademy.SeleniumFrameworkDesign.SignUp -->
